TN:
SF:src/server/services/TransformationService.js
FN:1,transform
FNF:1
FNH:1
FNDA:25,transform
DA:1,1
DA:2,25
DA:3,25
DA:4,14
DA:5,25
DA:6,2
DA:7,25
DA:8,8
DA:9,4
DA:10,4
DA:11,4
DA:12,11
DA:13,11
DA:14,4
DA:15,4
DA:16,25
DA:17,1
DA:18,25
DA:19,25
LF:19
LH:19
BRDA:19,0,0,1
BRDA:1,1,0,25
BRDA:3,2,0,14
BRDA:5,3,0,2
BRDA:7,4,0,8
BRDA:8,5,0,4
BRDA:16,6,0,1
BRDA:9,7,0,12
BRDA:11,8,0,11
BRF:9
BRH:9
end_of_record
TN:
SF:tests/fixtures/TransformationFixtures.js
FNF:0
FNH:0
DA:1,1
DA:2,1
DA:3,1
DA:4,1
DA:5,1
DA:6,1
DA:7,1
DA:8,1
DA:9,1
DA:10,1
DA:11,1
DA:12,1
DA:13,1
DA:14,1
DA:15,1
DA:16,1
DA:17,1
DA:18,1
DA:19,1
DA:20,1
DA:21,1
DA:22,1
DA:23,1
DA:24,1
DA:25,1
DA:26,1
DA:27,1
DA:28,1
DA:29,1
DA:30,1
DA:31,1
DA:32,1
DA:33,1
DA:34,1
DA:35,1
DA:36,1
DA:37,1
LF:37
LH:37
BRDA:37,0,0,1
BRF:1
BRH:1
end_of_record
